<?xml version="1.0" encoding="UTF-8"?>
<testng-results skipped="0" failed="0" ignored="0" total="1" passed="1">
  <reporter-output>
  </reporter-output>
  <suite name="Default suite" duration-ms="57569" started-at="2020-04-22T19:54:25 IST" finished-at="2020-04-22T19:55:23 IST">
    <groups>
    </groups>
    <test name="Default test" duration-ms="57569" started-at="2020-04-22T19:54:25 IST" finished-at="2020-04-22T19:55:23 IST">
      <class name="com.abm.AbmPagesTest">
        <test-method status="PASS" signature="openBrowser()[pri:0, instance:com.abm.AbmPagesTest@49ec71f8]" name="openBrowser" is-config="true" duration-ms="14663" started-at="2020-04-22T19:54:25 IST" finished-at="2020-04-22T19:54:40 IST">
          <reporter-output>
          </reporter-output>
        </test-method> <!-- openBrowser -->
        <test-method status="PASS" signature="printAdmPages()[pri:0, instance:com.abm.AbmPagesTest@49ec71f8]" name="printAdmPages" duration-ms="39436" started-at="2020-04-22T19:54:40 IST" finished-at="2020-04-22T19:55:19 IST">
          <reporter-output>
          </reporter-output>
        </test-method> <!-- printAdmPages -->
        <test-method status="PASS" signature="closeBrowser()[pri:0, instance:com.abm.AbmPagesTest@49ec71f8]" name="closeBrowser" is-config="true" duration-ms="3372" started-at="2020-04-22T19:55:19 IST" finished-at="2020-04-22T19:55:23 IST">
          <reporter-output>
          </reporter-output>
        </test-method> <!-- closeBrowser -->
      </class> <!-- com.abm.AbmPagesTest -->
    </test> <!-- Default test -->
  </suite> <!-- Default suite -->
</testng-results>
